root: can't figure out DISPLAY, set it manually
In case you run a remote ssh session, restart your ssh session with:
=========>  ssh -Y

Processing main.C...
 PARAMETER DEFINITIONS:
    NO.   NAME         VALUE      STEP SIZE      LIMITS
     1 ampl_k1pi    1.00000e+00  constant
     2 phase_k1pi   0.00000e+00  constant
     3 ampl_k1k2    1.15000e+00  2.00000e-01    0.00000e+00  2.00000e+00
     4 phase_k1k2  -1.00000e+01  2.00000e-01   -1.80000e+02  1.80000e+02
 **********
 **    1 **MIGRAD         500           1           0           0
 **********
 FIRST CALL TO USER FUNCTION AT NEW START POINT, WITH IFLAG=4.
 START MIGRAD MINIMIZATION.  STRATEGY  1.  CONVERGENCE WHEN EDM .LT. 1.00e-03
 FCN=-9487.89 FROM MIGRAD    STATUS=INITIATE       19 CALLS          20 TOTAL
                     EDM= unknown      STRATEGY= 1      NO ERROR MATRIX       
  EXT PARAMETER               CURRENT GUESS       STEP         FIRST   
  NO.   NAME      VALUE            ERROR          SIZE      DERIVATIVE 
   1  ampl_k1pi    1.00000e+00   constant   
   2  phase_k1pi   0.00000e+00   constant   
   3  ampl_k1k2    1.15000e+00   2.00000e-01   0.00000e+00   6.72027e+02
   4  phase_k1k2  -9.81833e+01   2.00000e-01  -5.21357e-01   3.41615e+02
 MIGRAD MINIMIZATION HAS CONVERGED.
 MIGRAD WILL VERIFY CONVERGENCE AND ERROR MATRIX.
 COVARIANCE MATRIX CALCULATED SUCCESSFULLY
 FCN=-9614.87 FROM MIGRAD    STATUS=CONVERGED      57 CALLS          58 TOTAL
                     EDM=5.55931e-05    STRATEGY= 1      ERROR MATRIX ACCURATE 
  EXT PARAMETER                                   STEP         FIRST   
  NO.   NAME      VALUE            ERROR          SIZE      DERIVATIVE 
   1  ampl_k1pi    1.00000e+00   constant   
   2  phase_k1pi   0.00000e+00   constant   
   3  ampl_k1k2    9.44078e-01   1.99593e-02   9.40659e-04   4.11052e-01
   4  phase_k1k2  -1.42830e+02   6.17516e+00   2.61668e-03   9.40770e-02
 EXTERNAL ERROR MATRIX.    NDIM=  25    NPAR=  2    ERR DEF=1
  3.984e-04  2.192e-02 
  2.192e-02  3.817e+01 
 PARAMETER  CORRELATION COEFFICIENTS  
       NO.  GLOBAL      3      4
        3  0.17774   1.000  0.178
        4  0.17774   0.178  1.000
ampl_k1pi           = 1 +/- 0
phase_k1pi          = 0 +/- 0
ampl_k1k2           = 0.944078 +/- 0.0199593
phase_k1k2          = -142.83 +/- 6.17516
Error in <RootX11IOErrorHandler>: fatal X11 error (connection to server lost?!)

**** Save data and exit application ****

